<?xml version="1.0" encoding="UTF-8"?>
<testng-results ignored="0" total="1" passed="1" failed="0" skipped="0">
  <reporter-output>
  </reporter-output>
  <suite started-at="2023-12-26T09:28:21 IST" name="Default suite" finished-at="2023-12-26T09:28:39 IST" duration-ms="18000">
    <groups>
    </groups>
    <test started-at="2023-12-26T09:28:21 IST" name="Default test" finished-at="2023-12-26T09:28:39 IST" duration-ms="18000">
      <class name="testcases.Signuptest">
        <test-method is-config="true" signature="startup()[pri:0, instance:testcases.Signuptest@235834f2]" started-at="2023-12-26T09:28:21 IST" name="startup" finished-at="2023-12-26T09:28:31 IST" duration-ms="10299" status="PASS">
          <reporter-output>
          </reporter-output>
        </test-method> <!-- startup -->
        <test-method signature="signup()[pri:0, instance:testcases.Signuptest@235834f2]" started-at="2023-12-26T09:28:31 IST" name="signup" finished-at="2023-12-26T09:28:38 IST" duration-ms="7167" status="PASS">
          <reporter-output>
          </reporter-output>
        </test-method> <!-- signup -->
        <test-method is-config="true" signature="close()[pri:0, instance:testcases.Signuptest@235834f2]" started-at="2023-12-26T09:28:38 IST" name="close" finished-at="2023-12-26T09:28:39 IST" duration-ms="444" status="PASS">
          <reporter-output>
          </reporter-output>
        </test-method> <!-- close -->
      </class> <!-- testcases.Signuptest -->
    </test> <!-- Default test -->
  </suite> <!-- Default suite -->
</testng-results>
